<?xml version="1.0" encoding="UTF-8"?>
<!-- Generated by org.testng.reporters.JUnitReportReporter -->
<testsuite skipped="0" hostname="DESKTOP-2S10LH7" name="autoit.LoggerDemo" tests="1" failures="0" timestamp="10 Jun 2021 07:27:36 GMT" time="0.031" errors="0">
  <testcase name="loggerDemo" time="0.031" classname="autoit.LoggerDemo"/>
</testsuite> <!-- autoit.LoggerDemo -->
